================================================================================
Appcelerator Titanium Diagnostics Build Log
The contents of this file are useful to send to Appcelerator Support if
reporting an issue to help us understand your environment, build settings
and aid in debugging. Please attach this log to any issue that you report.
================================================================================

Starting build at 03/10/12 01:47

Build details:

   timestamp=11/02/11 17:00
   version=1.7.5
   githash=ab20af7


Script arguments:
   /Users/dproject2002/Library/Application Support/Titanium/mobilesdk/osx/1.7.5/iphone/builder.py
   simulator
   5.0
   /Users/dproject2002/Documents/Titanium Studio Workspace/ATNDCheckIn
   jp.ne.hatena.d.dproject21.atndcheckin
   ATNDCheckIn
   ipad
   ipad
   

Building from: /Users/dproject2002/Library/Application Support/Titanium/mobilesdk/osx/1.7.5/iphone
Platform: Darwin Kernel Version 11.3.0: Thu Jan 12 18:47:41 PST 2012; root:xnu-1699.24.23~1/RELEASE_X86_64

Xcode path is: /Developer


githash=ab20af7, existing_git_hash=ab20af7
writing contents of /Users/dproject2002/Documents/Titanium Studio Workspace/ATNDCheckIn/build/iphone/project.xcconfig:

TI_VERSION=1.7.5
TI_SDK_DIR=/Users/dproject2002/Library/Application Support/Titanium/mobilesdk/osx/$(TI_VERSION)/iphone
TI_APPID=jp.ne.hatena.d.dproject21.atndcheckin
OTHER_LDFLAGS[sdk=iphoneos*]=$(inherited) -weak_framework iAd
OTHER_LDFLAGS[sdk=iphonesimulator*]=$(inherited) -weak_framework iAd
#include "module"

old contents


Generated the following stylecode code:

<?xml version="1.0" encoding="UTF-8"?>
<!DOCTYPE plist PUBLIC "-//Apple//DTD PLIST 1.0//EN" "http://www.apple.com/DTDs/PropertyList-1.0.dtd">
<plist version="1.0">
	<dict>
		<key>classes</key>
		<dict>
</dict>

		<key>classes_density</key>
		<dict>
</dict>

		<key>ids</key>
		<dict>
</dict>

		<key>ids_density</key>
		<dict>
</dict>

		<key>tags</key>
		<dict>
</dict>

		<key>tags_density</key>
		<dict>
</dict>

	</dict>
</plist>
Finishing build
